<?xml version="1.0" encoding="UTF-8"?>
<!-- Generated by org.testng.reporters.JUnitXMLReporter -->
<testsuite ignored="0" hostname="YCSLAP0239" failures="1" tests="6" name="orangehrm" time="122.888" errors="0" timestamp="2026-02-16T13:10:02 IST">
  <testcase classname="com.orangehrm.test.ApiTest" name="verifyGetUserAPI" time="2.479"/>
  <testcase classname="com.orangehrm.test.Login" name="getTitle" time="4.706"/>
  <testcase classname="com.orangehrm.test.Login" name="inValidLoginTest" time="5.276">
    <skipped/>
  </testcase> <!-- inValidLoginTest -->
  <testcase classname="com.orangehrm.test.Login" name="inValidLoginTest" time="12.915">
    <skipped/>
  </testcase> <!-- inValidLoginTest -->
  <testcase classname="com.orangehrm.test.Login" name="inValidLoginTest" time="11.034">
    <failure type="java.lang.AssertionError" message="Test Failed: Invalid error message expected [true] but found [false]">
      <![CDATA[java.lang.AssertionError: Test Failed: Invalid error message expected [true] but found [false]
at com.orangehrm.test.Login.inValidLoginTest(Login.java:68)
at java.base/java.util.concurrent.ThreadPoolExecutor.runWorker(ThreadPoolExecutor.java:1136)
at java.base/java.util.concurrent.ThreadPoolExecutor$Worker.run(ThreadPoolExecutor.java:635)
at java.base/java.lang.Thread.run(Thread.java:840)
... Removed 15 stack frames]]>
    </failure>
  </testcase> <!-- inValidLoginTest -->
  <testcase classname="com.orangehrm.test.Login" name="verifyValidLoginTest" time="26.664"/>
</testsuite> <!-- orangehrm -->
