<?xml version="1.0" encoding="UTF-8"?>
<!-- Generated by org.testng.reporters.JUnitXMLReporter -->
<testsuite ignored="0" hostname="YCSLAP0239" failures="3" tests="10" name="orangehrm" time="326.503" errors="0" timestamp="2026-02-16T16:18:45 IST">
  <testcase classname="com.orangehrm.test.ApiTest" name="verifyGetUserAPI" time="2.194"/>
  <testcase classname="com.orangehrm.test.Login" name="getTitle" time="32.372">
    <skipped/>
  </testcase> <!-- getTitle -->
  <testcase classname="com.orangehrm.test.Login" name="getTitle" time="31.761">
    <skipped/>
  </testcase> <!-- getTitle -->
  <testcase classname="com.orangehrm.test.Login" name="getTitle" time="32.567">
    <failure type="java.lang.AssertionError" message="Admin tab should be visible after successfull login  expected [true] but found [false]">
      <![CDATA[java.lang.AssertionError: Admin tab should be visible after successfull login  expected [true] but found [false]
at com.orangehrm.test.Login.getTitle(Login.java:41)
at java.base/java.util.concurrent.ThreadPoolExecutor.runWorker(ThreadPoolExecutor.java:1136)
at java.base/java.util.concurrent.ThreadPoolExecutor$Worker.run(ThreadPoolExecutor.java:635)
at java.base/java.lang.Thread.run(Thread.java:840)
... Removed 15 stack frames]]>
    </failure>
  </testcase> <!-- getTitle -->
  <testcase classname="com.orangehrm.test.Login" name="inValidLoginTest" time="5.206">
    <skipped/>
  </testcase> <!-- inValidLoginTest -->
  <testcase classname="com.orangehrm.test.Login" name="inValidLoginTest" time="5.95">
    <skipped/>
  </testcase> <!-- inValidLoginTest -->
  <testcase classname="com.orangehrm.test.Login" name="inValidLoginTest" time="9.351">
    <failure type="java.lang.AssertionError" message="Test Failed: Invalid error message expected [true] but found [false]">
      <![CDATA[java.lang.AssertionError: Test Failed: Invalid error message expected [true] but found [false]
at com.orangehrm.test.Login.inValidLoginTest(Login.java:68)
at java.base/java.util.concurrent.ThreadPoolExecutor.runWorker(ThreadPoolExecutor.java:1136)
at java.base/java.util.concurrent.ThreadPoolExecutor$Worker.run(ThreadPoolExecutor.java:635)
at java.base/java.lang.Thread.run(Thread.java:840)
... Removed 15 stack frames]]>
    </failure>
  </testcase> <!-- inValidLoginTest -->
  <testcase classname="com.orangehrm.test.Login" name="verifyValidLoginTest" time="33.502">
    <skipped/>
  </testcase> <!-- verifyValidLoginTest -->
  <testcase classname="com.orangehrm.test.Login" name="verifyValidLoginTest" time="35.346">
    <skipped/>
  </testcase> <!-- verifyValidLoginTest -->
  <testcase classname="com.orangehrm.test.Login" name="verifyValidLoginTest" time="32.103">
    <failure type="java.lang.AssertionError" message="Admin tab should be visible after successfull login  expected [true] but found [false]">
      <![CDATA[java.lang.AssertionError: Admin tab should be visible after successfull login  expected [true] but found [false]
at com.orangehrm.test.Login.verifyValidLoginTest(Login.java:53)
at java.base/java.util.concurrent.ThreadPoolExecutor.runWorker(ThreadPoolExecutor.java:1136)
at java.base/java.util.concurrent.ThreadPoolExecutor$Worker.run(ThreadPoolExecutor.java:635)
at java.base/java.lang.Thread.run(Thread.java:840)
... Removed 15 stack frames]]>
    </failure>
  </testcase> <!-- verifyValidLoginTest -->
</testsuite> <!-- orangehrm -->
