<?xml version="1.0" encoding="UTF-8"?>
<testsuite xmlns:xsi="http://www.w3.org/2001/XMLSchema-instance" xsi:noNamespaceSchemaLocation="https://maven.apache.org/surefire/maven-surefire-plugin/xsd/surefire-test-report-3.0.xsd" version="3.0" name="TestSuite" time="317.954" tests="10" errors="0" skipped="6" failures="3">
  <properties>
[...]
</properties>
  <testcase name="verifyGetUserAPI" classname="com.orangehrm.test.ApiTest" time="2.069"/>
  <testcase name="getTitle" classname="com.orangehrm.test.Login" time="0">
    <skipped message="Admin tab should be visible after successfull login  expected [true] but found [false]"/>
    <system-out><![CDATA[2026-02-17 16:29:11 [TestNG-test-orangehrm-1] INFO  BaseClass - Browser Launched23
2026-02-17 16:29:16 [TestNG-test-orangehrm-1] INFO  Login - Login-getMethod
2026-02-17 16:29:18 [TestNG-test-orangehrm-1] INFO  ActionDriver - Applied the border with color green to element:// Element with name: username
2026-02-17 16:29:18 [TestNG-test-orangehrm-1] INFO  ActionDriver - Entered text on Element with name: username-->Admin
2026-02-17 16:29:18 [TestNG-test-orangehrm-1] INFO  ActionDriver - Applied the border with color green to element:// Element with name: password
2026-02-17 16:29:18 [TestNG-test-orangehrm-1] INFO  ActionDriver - Entered text on Element with name: password-->admin123
2026-02-17 16:29:18 [TestNG-test-orangehrm-1] INFO  ActionDriver - Applied the border with color green to element:// Element with text: Login
2026-02-17 16:29:19 [TestNG-test-orangehrm-1] INFO  ActionDriver - clicked an element-->Element with text: Login
2026-02-17 16:29:49 [TestNG-test-orangehrm-1] ERROR ActionDriver - Element is not visible:Expected condition failed: waiting for visibility of element located by By.xpath: //span[text()='Admin'] (tried for 30 second(s) with 500 milliseconds interval)
Build info: version: '4.25.0', revision: '8a8aea2337'
System info: os.name: 'Windows 11', os.arch: 'amd64', os.version: '10.0', java.version: '17.0.10'
Driver info: org.openqa.selenium.chrome.ChromeDriver
Capabilities {acceptInsecureCerts: false, browserName: chrome, browserVersion: 144.0.7559.135, chrome: {chromedriverVersion: 144.0.7559.133 (7da823b1d59..., userDataDir: C:\Users\Anuradha.k\AppData...}, fedcm:accounts: true, goog:chromeOptions: {debuggerAddress: localhost:50096}, goog:processID: 31748, networkConnectionEnabled: false, pageLoadStrategy: normal, platformName: windows, proxy: Proxy(), se:cdp: ws://localhost:50096/devtoo..., se:cdpVersion: 144.0.7559.135, setWindowRect: true, strictFileInteractability: false, timeouts: {implicit: 0, pageLoad: 300000, script: 30000}, unhandledPromptBehavior: dismiss and notify, webauthn:extension:credBlob: true, webauthn:extension:largeBlob: true, webauthn:extension:minPinLength: true, webauthn:extension:prf: true, webauthn:virtualAuthenticators: true}
Session ID: e29c84cb592c6f41b38890246b38bef6
2026-02-17 16:29:49 [TestNG-test-orangehrm-1] INFO  ActionDriver - Element is displayed Element located using: By.xpath: //span[text()='Admin']
]]></system-out>
    <system-err><![CDATA[Feb 17, 2026 4:29:11 PM org.openqa.selenium.devtools.CdpVersionFinder findNearestMatch
WARNING: Unable to find CDP implementation matching 144
Feb 17, 2026 4:29:11 PM org.openqa.selenium.chromium.ChromiumDriver lambda$new$5
WARNING: Unable to find version of CDP to use for 144.0.7559.135. You may need to include a dependency on a specific version of the CDP using something similar to `org.seleniumhq.selenium:selenium-devtools-v86:4.25.0` where the version ("v86") matches the version of the chromium-based browser you're using and the version number of the artifact is the same as Selenium's.
]]></system-err>
  </testcase>
  <testcase name="getTitle" classname="com.orangehrm.test.Login" time="0">
    <skipped message="Admin tab should be visible after successfull login  expected [true] but found [false]"/>
    <system-out><![CDATA[2026-02-17 16:29:56 [TestNG-test-orangehrm-1] INFO  BaseClass - Browser Launched23
2026-02-17 16:30:00 [TestNG-test-orangehrm-1] INFO  Login - Login-getMethod
2026-02-17 16:30:01 [TestNG-test-orangehrm-1] INFO  ActionDriver - Applied the border with color green to element:// Element with name: username
2026-02-17 16:30:01 [TestNG-test-orangehrm-1] INFO  ActionDriver - Entered text on Element with name: username-->Admin
2026-02-17 16:30:01 [TestNG-test-orangehrm-1] INFO  ActionDriver - Applied the border with color green to element:// Element with name: password
2026-02-17 16:30:01 [TestNG-test-orangehrm-1] INFO  ActionDriver - Entered text on Element with name: password-->admin123
2026-02-17 16:30:01 [TestNG-test-orangehrm-1] INFO  ActionDriver - Applied the border with color green to element:// Element with text: Login
2026-02-17 16:30:01 [TestNG-test-orangehrm-1] INFO  ActionDriver - clicked an element-->Element with text: Login
2026-02-17 16:30:32 [TestNG-test-orangehrm-1] ERROR ActionDriver - Element is not visible:Expected condition failed: waiting for visibility of element located by By.xpath: //span[text()='Admin'] (tried for 30 second(s) with 500 milliseconds interval)
Build info: version: '4.25.0', revision: '8a8aea2337'
System info: os.name: 'Windows 11', os.arch: 'amd64', os.version: '10.0', java.version: '17.0.10'
Driver info: org.openqa.selenium.chrome.ChromeDriver
Capabilities {acceptInsecureCerts: false, browserName: chrome, browserVersion: 144.0.7559.135, chrome: {chromedriverVersion: 144.0.7559.133 (7da823b1d59..., userDataDir: C:\Users\Anuradha.k\AppData...}, fedcm:accounts: true, goog:chromeOptions: {debuggerAddress: localhost:54648}, goog:processID: 24156, networkConnectionEnabled: false, pageLoadStrategy: normal, platformName: windows, proxy: Proxy(), se:cdp: ws://localhost:54648/devtoo..., se:cdpVersion: 144.0.7559.135, setWindowRect: true, strictFileInteractability: false, timeouts: {implicit: 0, pageLoad: 300000, script: 30000}, unhandledPromptBehavior: dismiss and notify, webauthn:extension:credBlob: true, webauthn:extension:largeBlob: true, webauthn:extension:minPinLength: true, webauthn:extension:prf: true, webauthn:virtualAuthenticators: true}
Session ID: 22a0154e170d0afbf20aa0e32796d3aa
2026-02-17 16:30:32 [TestNG-test-orangehrm-1] INFO  ActionDriver - Element is displayed Element located using: By.xpath: //span[text()='Admin']
]]></system-out>
    <system-err><![CDATA[Feb 17, 2026 4:29:56 PM org.openqa.selenium.devtools.CdpVersionFinder findNearestMatch
WARNING: Unable to find CDP implementation matching 144
Feb 17, 2026 4:29:56 PM org.openqa.selenium.chromium.ChromiumDriver lambda$new$5
WARNING: Unable to find version of CDP to use for 144.0.7559.135. You may need to include a dependency on a specific version of the CDP using something similar to `org.seleniumhq.selenium:selenium-devtools-v86:4.25.0` where the version ("v86") matches the version of the chromium-based browser you're using and the version number of the artifact is the same as Selenium's.
]]></system-err>
  </testcase>
  <testcase name="getTitle" classname="com.orangehrm.test.Login" time="32.449">
    <failure message="Admin tab should be visible after successfull login  expected [true] but found [false]" type="java.lang.AssertionError"><![CDATA[java.lang.AssertionError: Admin tab should be visible after successfull login  expected [true] but found [false]
	at com.orangehrm.test.Login.getTitle(Login.java:41)
]]></failure>
    <system-out><![CDATA[2026-02-17 16:30:39 [TestNG-test-orangehrm-1] INFO  BaseClass - Browser Launched23
2026-02-17 16:30:43 [TestNG-test-orangehrm-1] INFO  Login - Login-getMethod
2026-02-17 16:30:44 [TestNG-test-orangehrm-1] INFO  ActionDriver - Applied the border with color green to element:// Element with name: username
2026-02-17 16:30:45 [TestNG-test-orangehrm-1] INFO  ActionDriver - Entered text on Element with name: username-->Admin
2026-02-17 16:30:45 [TestNG-test-orangehrm-1] INFO  ActionDriver - Applied the border with color green to element:// Element with name: password
2026-02-17 16:30:45 [TestNG-test-orangehrm-1] INFO  ActionDriver - Entered text on Element with name: password-->admin123
2026-02-17 16:30:45 [TestNG-test-orangehrm-1] INFO  ActionDriver - Applied the border with color green to element:// Element with text: Login
2026-02-17 16:30:45 [TestNG-test-orangehrm-1] INFO  ActionDriver - clicked an element-->Element with text: Login
2026-02-17 16:31:15 [TestNG-test-orangehrm-1] ERROR ActionDriver - Element is not visible:Expected condition failed: waiting for visibility of element located by By.xpath: //span[text()='Admin'] (tried for 30 second(s) with 500 milliseconds interval)
Build info: version: '4.25.0', revision: '8a8aea2337'
System info: os.name: 'Windows 11', os.arch: 'amd64', os.version: '10.0', java.version: '17.0.10'
Driver info: org.openqa.selenium.chrome.ChromeDriver
Capabilities {acceptInsecureCerts: false, browserName: chrome, browserVersion: 144.0.7559.135, chrome: {chromedriverVersion: 144.0.7559.133 (7da823b1d59..., userDataDir: C:\Users\Anuradha.k\AppData...}, fedcm:accounts: true, goog:chromeOptions: {debuggerAddress: localhost:55488}, goog:processID: 16720, networkConnectionEnabled: false, pageLoadStrategy: normal, platformName: windows, proxy: Proxy(), se:cdp: ws://localhost:55488/devtoo..., se:cdpVersion: 144.0.7559.135, setWindowRect: true, strictFileInteractability: false, timeouts: {implicit: 0, pageLoad: 300000, script: 30000}, unhandledPromptBehavior: dismiss and notify, webauthn:extension:credBlob: true, webauthn:extension:largeBlob: true, webauthn:extension:minPinLength: true, webauthn:extension:prf: true, webauthn:virtualAuthenticators: true}
Session ID: f52ba80d86cc775aeae1ee1210df7fcc
2026-02-17 16:31:15 [TestNG-test-orangehrm-1] INFO  ActionDriver - Element is displayed Element located using: By.xpath: //span[text()='Admin']
]]></system-out>
    <system-err><![CDATA[Feb 17, 2026 4:30:39 PM org.openqa.selenium.devtools.CdpVersionFinder findNearestMatch
WARNING: Unable to find CDP implementation matching 144
Feb 17, 2026 4:30:39 PM org.openqa.selenium.chromium.ChromiumDriver lambda$new$5
WARNING: Unable to find version of CDP to use for 144.0.7559.135. You may need to include a dependency on a specific version of the CDP using something similar to `org.seleniumhq.selenium:selenium-devtools-v86:4.25.0` where the version ("v86") matches the version of the chromium-based browser you're using and the version number of the artifact is the same as Selenium's.
]]></system-err>
  </testcase>
  <testcase name="inValidLoginTest" classname="com.orangehrm.test.Login" time="0">
    <skipped message="Test Failed: Invalid error message expected [true] but found [false]"/>
    <system-out><![CDATA[2026-02-17 16:31:23 [TestNG-test-orangehrm-1] INFO  BaseClass - Browser Launched23
2026-02-17 16:31:28 [TestNG-test-orangehrm-1] INFO  Login - Login-InvalidMethod
2026-02-17 16:31:29 [TestNG-test-orangehrm-1] INFO  ActionDriver - Applied the border with color green to element:// Element with name: username
2026-02-17 16:31:29 [TestNG-test-orangehrm-1] INFO  ActionDriver - Entered text on Element with name: username-->Admin
2026-02-17 16:31:30 [TestNG-test-orangehrm-1] INFO  ActionDriver - Applied the border with color green to element:// Element with name: password
2026-02-17 16:31:30 [TestNG-test-orangehrm-1] INFO  ActionDriver - Entered text on Element with name: password-->admin@123
2026-02-17 16:31:30 [TestNG-test-orangehrm-1] INFO  ActionDriver - Applied the border with color green to element:// Element with text: Login
2026-02-17 16:31:30 [TestNG-test-orangehrm-1] INFO  ActionDriver - clicked an element-->Element with text: Login
2026-02-17 16:31:33 [TestNG-test-orangehrm-1] INFO  ActionDriver - Applied the border with color red to element:// Element with text: Invalid credentials
2026-02-17 16:31:33 [TestNG-test-orangehrm-1] ERROR ActionDriver - Texts are not Matching:Invalid credentials not equals valid credentials
]]></system-out>
    <system-err><![CDATA[Feb 17, 2026 4:31:23 PM org.openqa.selenium.devtools.CdpVersionFinder findNearestMatch
WARNING: Unable to find CDP implementation matching 144
Feb 17, 2026 4:31:23 PM org.openqa.selenium.chromium.ChromiumDriver lambda$new$5
WARNING: Unable to find version of CDP to use for 144.0.7559.135. You may need to include a dependency on a specific version of the CDP using something similar to `org.seleniumhq.selenium:selenium-devtools-v86:4.25.0` where the version ("v86") matches the version of the chromium-based browser you're using and the version number of the artifact is the same as Selenium's.
]]></system-err>
  </testcase>
  <testcase name="inValidLoginTest" classname="com.orangehrm.test.Login" time="0">
    <skipped message="Test Failed: Invalid error message expected [true] but found [false]"/>
    <system-out><![CDATA[2026-02-17 16:31:40 [TestNG-test-orangehrm-1] INFO  BaseClass - Browser Launched23
2026-02-17 16:31:45 [TestNG-test-orangehrm-1] INFO  Login - Login-InvalidMethod
2026-02-17 16:31:46 [TestNG-test-orangehrm-1] INFO  ActionDriver - Applied the border with color green to element:// Element with name: username
2026-02-17 16:31:46 [TestNG-test-orangehrm-1] INFO  ActionDriver - Entered text on Element with name: username-->Admin
2026-02-17 16:31:46 [TestNG-test-orangehrm-1] INFO  ActionDriver - Applied the border with color green to element:// Element with name: password
2026-02-17 16:31:46 [TestNG-test-orangehrm-1] INFO  ActionDriver - Entered text on Element with name: password-->admin@123
2026-02-17 16:31:46 [TestNG-test-orangehrm-1] INFO  ActionDriver - Applied the border with color green to element:// Element with text: Login
2026-02-17 16:31:48 [TestNG-test-orangehrm-1] INFO  ActionDriver - clicked an element-->Element with text: Login
2026-02-17 16:31:49 [TestNG-test-orangehrm-1] INFO  ActionDriver - Applied the border with color red to element:// Element with text: Invalid credentials
2026-02-17 16:31:49 [TestNG-test-orangehrm-1] ERROR ActionDriver - Texts are not Matching:Invalid credentials not equals valid credentials
]]></system-out>
    <system-err><![CDATA[Feb 17, 2026 4:31:40 PM org.openqa.selenium.devtools.CdpVersionFinder findNearestMatch
WARNING: Unable to find CDP implementation matching 144
Feb 17, 2026 4:31:40 PM org.openqa.selenium.chromium.ChromiumDriver lambda$new$5
WARNING: Unable to find version of CDP to use for 144.0.7559.135. You may need to include a dependency on a specific version of the CDP using something similar to `org.seleniumhq.selenium:selenium-devtools-v86:4.25.0` where the version ("v86") matches the version of the chromium-based browser you're using and the version number of the artifact is the same as Selenium's.
]]></system-err>
  </testcase>
  <testcase name="inValidLoginTest" classname="com.orangehrm.test.Login" time="3.84">
    <failure message="Test Failed: Invalid error message expected [true] but found [false]" type="java.lang.AssertionError"><![CDATA[java.lang.AssertionError: Test Failed: Invalid error message expected [true] but found [false]
	at com.orangehrm.test.Login.inValidLoginTest(Login.java:68)
]]></failure>
    <system-out><![CDATA[2026-02-17 16:31:56 [TestNG-test-orangehrm-1] INFO  BaseClass - Browser Launched23
2026-02-17 16:32:00 [TestNG-test-orangehrm-1] INFO  Login - Login-InvalidMethod
2026-02-17 16:32:02 [TestNG-test-orangehrm-1] INFO  ActionDriver - Applied the border with color green to element:// Element with name: username
2026-02-17 16:32:02 [TestNG-test-orangehrm-1] INFO  ActionDriver - Entered text on Element with name: username-->Admin
2026-02-17 16:32:02 [TestNG-test-orangehrm-1] INFO  ActionDriver - Applied the border with color green to element:// Element with name: password
2026-02-17 16:32:02 [TestNG-test-orangehrm-1] INFO  ActionDriver - Entered text on Element with name: password-->admin@123
2026-02-17 16:32:02 [TestNG-test-orangehrm-1] INFO  ActionDriver - Applied the border with color green to element:// Element with text: Login
2026-02-17 16:32:02 [TestNG-test-orangehrm-1] INFO  ActionDriver - clicked an element-->Element with text: Login
2026-02-17 16:32:04 [TestNG-test-orangehrm-1] INFO  ActionDriver - Applied the border with color red to element:// Element with text: Invalid credentials
2026-02-17 16:32:04 [TestNG-test-orangehrm-1] ERROR ActionDriver - Texts are not Matching:Invalid credentials not equals valid credentials
]]></system-out>
    <system-err><![CDATA[Feb 17, 2026 4:31:56 PM org.openqa.selenium.devtools.CdpVersionFinder findNearestMatch
WARNING: Unable to find CDP implementation matching 144
Feb 17, 2026 4:31:56 PM org.openqa.selenium.chromium.ChromiumDriver lambda$new$5
WARNING: Unable to find version of CDP to use for 144.0.7559.135. You may need to include a dependency on a specific version of the CDP using something similar to `org.seleniumhq.selenium:selenium-devtools-v86:4.25.0` where the version ("v86") matches the version of the chromium-based browser you're using and the version number of the artifact is the same as Selenium's.
]]></system-err>
  </testcase>
  <testcase name="verifyValidLoginTest" classname="com.orangehrm.test.Login" time="0">
    <skipped message="Admin tab should be visible after successfull login  expected [true] but found [false]"/>
    <system-out><![CDATA[2026-02-17 16:32:11 [TestNG-test-orangehrm-1] INFO  BaseClass - Browser Launched23
2026-02-17 16:32:15 [TestNG-test-orangehrm-1] INFO  Login - Login-VerifyValidLogin
2026-02-17 16:32:16 [TestNG-test-orangehrm-1] INFO  ActionDriver - Applied the border with color green to element:// Element with name: username
2026-02-17 16:32:16 [TestNG-test-orangehrm-1] INFO  ActionDriver - Entered text on Element with name: username-->Admin
2026-02-17 16:32:16 [TestNG-test-orangehrm-1] INFO  ActionDriver - Applied the border with color green to element:// Element with name: password
2026-02-17 16:32:17 [TestNG-test-orangehrm-1] INFO  ActionDriver - Entered text on Element with name: password-->admin123
2026-02-17 16:32:17 [TestNG-test-orangehrm-1] INFO  ActionDriver - Applied the border with color green to element:// Element with text: Login
2026-02-17 16:32:17 [TestNG-test-orangehrm-1] INFO  ActionDriver - clicked an element-->Element with text: Login
2026-02-17 16:32:47 [TestNG-test-orangehrm-1] ERROR ActionDriver - Element is not visible:Expected condition failed: waiting for visibility of element located by By.xpath: //span[text()='Admin'] (tried for 30 second(s) with 500 milliseconds interval)
Build info: version: '4.25.0', revision: '8a8aea2337'
System info: os.name: 'Windows 11', os.arch: 'amd64', os.version: '10.0', java.version: '17.0.10'
Driver info: org.openqa.selenium.chrome.ChromeDriver
Capabilities {acceptInsecureCerts: false, browserName: chrome, browserVersion: 144.0.7559.135, chrome: {chromedriverVersion: 144.0.7559.133 (7da823b1d59..., userDataDir: C:\Users\Anuradha.k\AppData...}, fedcm:accounts: true, goog:chromeOptions: {debuggerAddress: localhost:53709}, goog:processID: 6496, networkConnectionEnabled: false, pageLoadStrategy: normal, platformName: windows, proxy: Proxy(), se:cdp: ws://localhost:53709/devtoo..., se:cdpVersion: 144.0.7559.135, setWindowRect: true, strictFileInteractability: false, timeouts: {implicit: 0, pageLoad: 300000, script: 30000}, unhandledPromptBehavior: dismiss and notify, webauthn:extension:credBlob: true, webauthn:extension:largeBlob: true, webauthn:extension:minPinLength: true, webauthn:extension:prf: true, webauthn:virtualAuthenticators: true}
Session ID: 4bf4ad52d04843b01d6bd56f4a9201ad
2026-02-17 16:32:47 [TestNG-test-orangehrm-1] INFO  ActionDriver - Element is displayed Element located using: By.xpath: //span[text()='Admin']
]]></system-out>
    <system-err><![CDATA[Feb 17, 2026 4:32:11 PM org.openqa.selenium.devtools.CdpVersionFinder findNearestMatch
WARNING: Unable to find CDP implementation matching 144
Feb 17, 2026 4:32:11 PM org.openqa.selenium.chromium.ChromiumDriver lambda$new$5
WARNING: Unable to find version of CDP to use for 144.0.7559.135. You may need to include a dependency on a specific version of the CDP using something similar to `org.seleniumhq.selenium:selenium-devtools-v86:4.25.0` where the version ("v86") matches the version of the chromium-based browser you're using and the version number of the artifact is the same as Selenium's.
]]></system-err>
  </testcase>
  <testcase name="verifyValidLoginTest" classname="com.orangehrm.test.Login" time="0">
    <skipped message="Admin tab should be visible after successfull login  expected [true] but found [false]"/>
    <system-out><![CDATA[2026-02-17 16:32:54 [TestNG-test-orangehrm-1] INFO  BaseClass - Browser Launched23
2026-02-17 16:32:59 [TestNG-test-orangehrm-1] INFO  Login - Login-VerifyValidLogin
2026-02-17 16:33:00 [TestNG-test-orangehrm-1] INFO  ActionDriver - Applied the border with color green to element:// Element with name: username
2026-02-17 16:33:00 [TestNG-test-orangehrm-1] INFO  ActionDriver - Entered text on Element with name: username-->Admin
2026-02-17 16:33:00 [TestNG-test-orangehrm-1] INFO  ActionDriver - Applied the border with color green to element:// Element with name: password
2026-02-17 16:33:00 [TestNG-test-orangehrm-1] INFO  ActionDriver - Entered text on Element with name: password-->admin123
2026-02-17 16:33:00 [TestNG-test-orangehrm-1] INFO  ActionDriver - Applied the border with color green to element:// Element with text: Login
2026-02-17 16:33:03 [TestNG-test-orangehrm-1] INFO  ActionDriver - clicked an element-->Element with text: Login
2026-02-17 16:33:33 [TestNG-test-orangehrm-1] ERROR ActionDriver - Element is not visible:Expected condition failed: waiting for visibility of element located by By.xpath: //span[text()='Admin'] (tried for 30 second(s) with 500 milliseconds interval)
Build info: version: '4.25.0', revision: '8a8aea2337'
System info: os.name: 'Windows 11', os.arch: 'amd64', os.version: '10.0', java.version: '17.0.10'
Driver info: org.openqa.selenium.chrome.ChromeDriver
Capabilities {acceptInsecureCerts: false, browserName: chrome, browserVersion: 144.0.7559.135, chrome: {chromedriverVersion: 144.0.7559.133 (7da823b1d59..., userDataDir: C:\Users\Anuradha.k\AppData...}, fedcm:accounts: true, goog:chromeOptions: {debuggerAddress: localhost:56398}, goog:processID: 15240, networkConnectionEnabled: false, pageLoadStrategy: normal, platformName: windows, proxy: Proxy(), se:cdp: ws://localhost:56398/devtoo..., se:cdpVersion: 144.0.7559.135, setWindowRect: true, strictFileInteractability: false, timeouts: {implicit: 0, pageLoad: 300000, script: 30000}, unhandledPromptBehavior: dismiss and notify, webauthn:extension:credBlob: true, webauthn:extension:largeBlob: true, webauthn:extension:minPinLength: true, webauthn:extension:prf: true, webauthn:virtualAuthenticators: true}
Session ID: ea7a382fe458b3b70ec16172d8034897
2026-02-17 16:33:33 [TestNG-test-orangehrm-1] INFO  ActionDriver - Element is displayed Element located using: By.xpath: //span[text()='Admin']
]]></system-out>
    <system-err><![CDATA[Feb 17, 2026 4:32:54 PM org.openqa.selenium.devtools.CdpVersionFinder findNearestMatch
WARNING: Unable to find CDP implementation matching 144
Feb 17, 2026 4:32:54 PM org.openqa.selenium.chromium.ChromiumDriver lambda$new$5
WARNING: Unable to find version of CDP to use for 144.0.7559.135. You may need to include a dependency on a specific version of the CDP using something similar to `org.seleniumhq.selenium:selenium-devtools-v86:4.25.0` where the version ("v86") matches the version of the chromium-based browser you're using and the version number of the artifact is the same as Selenium's.
]]></system-err>
  </testcase>
  <testcase name="verifyValidLoginTest" classname="com.orangehrm.test.Login" time="31.81">
    <failure message="Admin tab should be visible after successfull login  expected [true] but found [false]" type="java.lang.AssertionError"><![CDATA[java.lang.AssertionError: Admin tab should be visible after successfull login  expected [true] but found [false]
	at com.orangehrm.test.Login.verifyValidLoginTest(Login.java:53)
]]></failure>
    <system-out><![CDATA[2026-02-17 16:33:40 [TestNG-test-orangehrm-1] INFO  BaseClass - Browser Launched23
2026-02-17 16:33:44 [TestNG-test-orangehrm-1] INFO  Login - Login-VerifyValidLogin
2026-02-17 16:33:44 [TestNG-test-orangehrm-1] INFO  ActionDriver - Applied the border with color green to element:// Element with name: username
2026-02-17 16:33:44 [TestNG-test-orangehrm-1] INFO  ActionDriver - Entered text on Element with name: username-->Admin
2026-02-17 16:33:45 [TestNG-test-orangehrm-1] INFO  ActionDriver - Applied the border with color green to element:// Element with name: password
2026-02-17 16:33:45 [TestNG-test-orangehrm-1] INFO  ActionDriver - Entered text on Element with name: password-->admin123
2026-02-17 16:33:45 [TestNG-test-orangehrm-1] INFO  ActionDriver - Applied the border with color green to element:// Element with text: Login
2026-02-17 16:33:45 [TestNG-test-orangehrm-1] INFO  ActionDriver - clicked an element-->Element with text: Login
2026-02-17 16:34:15 [TestNG-test-orangehrm-1] ERROR ActionDriver - Element is not visible:Expected condition failed: waiting for visibility of element located by By.xpath: //span[text()='Admin'] (tried for 30 second(s) with 500 milliseconds interval)
Build info: version: '4.25.0', revision: '8a8aea2337'
System info: os.name: 'Windows 11', os.arch: 'amd64', os.version: '10.0', java.version: '17.0.10'
Driver info: org.openqa.selenium.chrome.ChromeDriver
Capabilities {acceptInsecureCerts: false, browserName: chrome, browserVersion: 144.0.7559.135, chrome: {chromedriverVersion: 144.0.7559.133 (7da823b1d59..., userDataDir: C:\Users\Anuradha.k\AppData...}, fedcm:accounts: true, goog:chromeOptions: {debuggerAddress: localhost:63702}, goog:processID: 2084, networkConnectionEnabled: false, pageLoadStrategy: normal, platformName: windows, proxy: Proxy(), se:cdp: ws://localhost:63702/devtoo..., se:cdpVersion: 144.0.7559.135, setWindowRect: true, strictFileInteractability: false, timeouts: {implicit: 0, pageLoad: 300000, script: 30000}, unhandledPromptBehavior: dismiss and notify, webauthn:extension:credBlob: true, webauthn:extension:largeBlob: true, webauthn:extension:minPinLength: true, webauthn:extension:prf: true, webauthn:virtualAuthenticators: true}
Session ID: 473cb2b4095c6a3b2405beff78e89682
2026-02-17 16:34:15 [TestNG-test-orangehrm-1] INFO  ActionDriver - Element is displayed Element located using: By.xpath: //span[text()='Admin']
]]></system-out>
    <system-err><![CDATA[Feb 17, 2026 4:33:40 PM org.openqa.selenium.devtools.CdpVersionFinder findNearestMatch
WARNING: Unable to find CDP implementation matching 144
Feb 17, 2026 4:33:40 PM org.openqa.selenium.chromium.ChromiumDriver lambda$new$5
WARNING: Unable to find version of CDP to use for 144.0.7559.135. You may need to include a dependency on a specific version of the CDP using something similar to `org.seleniumhq.selenium:selenium-devtools-v86:4.25.0` where the version ("v86") matches the version of the chromium-based browser you're using and the version number of the artifact is the same as Selenium's.
]]></system-err>
  </testcase>
</testsuite>