<?xml version="1.0" encoding="UTF-8"?>
<testng-results retried="2" ignored="0" total="6" passed="3" failed="1" skipped="0">
  <reporter-output>
  </reporter-output>
  <suite started-at="2026-02-16T13:07:59 IST" name="Suite" finished-at="2026-02-16T13:10:02 IST" duration-ms="122888">
    <groups>
    </groups>
    <test started-at="2026-02-16T13:07:59 IST" name="orangehrm" finished-at="2026-02-16T13:10:02 IST" duration-ms="122888">
      <class name="com.orangehrm.test.Login">
        <test-method is-config="true" signature="loadConfig()[pri:0, instance:com.orangehrm.test.Login@4ebff610]" started-at="2026-02-16T13:07:58 IST" name="loadConfig" finished-at="2026-02-16T13:07:59 IST" duration-ms="503" status="PASS">
          <reporter-output>
          </reporter-output>
        </test-method> <!-- loadConfig -->
        <test-method is-config="true" signature="setup()[pri:0, instance:com.orangehrm.test.Login@4ebff610]" started-at="2026-02-16T13:07:59 IST" name="setup" finished-at="2026-02-16T13:08:10 IST" duration-ms="11424" status="PASS">
          <reporter-output>
          </reporter-output>
        </test-method> <!-- setup -->
        <test-method is-config="true" signature="setupPages()[pri:0, instance:com.orangehrm.test.Login@4ebff610]" started-at="2026-02-16T13:08:10 IST" name="setupPages" finished-at="2026-02-16T13:08:10 IST" duration-ms="4" status="PASS">
          <reporter-output>
          </reporter-output>
        </test-method> <!-- setupPages -->
        <test-method signature="getTitle()[pri:0, instance:com.orangehrm.test.Login@4ebff610]" started-at="2026-02-16T13:08:10 IST" name="getTitle" finished-at="2026-02-16T13:08:15 IST" duration-ms="4706" status="PASS">
          <reporter-output>
          </reporter-output>
        </test-method> <!-- getTitle -->
        <test-method is-config="true" signature="tearDown()[pri:0, instance:com.orangehrm.test.Login@4ebff610]" started-at="2026-02-16T13:08:15 IST" name="tearDown" finished-at="2026-02-16T13:08:17 IST" duration-ms="2016" status="PASS">
          <reporter-output>
          </reporter-output>
        </test-method> <!-- tearDown -->
        <test-method is-config="true" signature="setup()[pri:0, instance:com.orangehrm.test.Login@4ebff610]" started-at="2026-02-16T13:08:18 IST" name="setup" finished-at="2026-02-16T13:08:29 IST" duration-ms="11202" status="PASS">
          <reporter-output>
          </reporter-output>
        </test-method> <!-- setup -->
        <test-method is-config="true" signature="setupPages()[pri:0, instance:com.orangehrm.test.Login@4ebff610]" started-at="2026-02-16T13:08:29 IST" name="setupPages" finished-at="2026-02-16T13:08:29 IST" duration-ms="1" status="PASS">
          <reporter-output>
          </reporter-output>
        </test-method> <!-- setupPages -->
        <test-method retried="true" signature="inValidLoginTest(java.lang.String,java.lang.String)[pri:0, instance:com.orangehrm.test.Login@4ebff610]" started-at="2026-02-16T13:08:29 IST" name="inValidLoginTest" data-provider="inValidLoginData" finished-at="2026-02-16T13:08:34 IST" duration-ms="5276" status="SKIP">
          <params>
            <param index="0">
              <value>
                <![CDATA[Admin]]>
              </value>
            </param>
            <param index="1">
              <value>
                <![CDATA[admin@123]]>
              </value>
            </param>
          </params>
          <exception class="java.lang.AssertionError">
            <message>
              <![CDATA[Test Failed: Invalid error message expected [true] but found [false]]]>
            </message>
            <full-stacktrace>
              <![CDATA[java.lang.AssertionError: Test Failed: Invalid error message expected [true] but found [false]
at org.testng.Assert.fail(Assert.java:99)
at org.testng.Assert.failNotEquals(Assert.java:1037)
at org.testng.Assert.assertTrue(Assert.java:45)
at com.orangehrm.test.Login.inValidLoginTest(Login.java:68)
at java.base/jdk.internal.reflect.NativeMethodAccessorImpl.invoke0(Native Method)
at java.base/jdk.internal.reflect.NativeMethodAccessorImpl.invoke(NativeMethodAccessorImpl.java:77)
at java.base/jdk.internal.reflect.DelegatingMethodAccessorImpl.invoke(DelegatingMethodAccessorImpl.java:43)
at java.base/java.lang.reflect.Method.invoke(Method.java:568)
at org.testng.internal.MethodInvocationHelper.invokeMethod(MethodInvocationHelper.java:133)
at org.testng.internal.TestInvoker.invokeMethod(TestInvoker.java:598)
at org.testng.internal.TestInvoker.invokeTestMethod(TestInvoker.java:173)
at org.testng.internal.MethodRunner.runInSequence(MethodRunner.java:46)
at org.testng.internal.TestInvoker$MethodInvocationAgent.invoke(TestInvoker.java:824)
at org.testng.internal.TestInvoker.invokeTestMethods(TestInvoker.java:146)
at org.testng.internal.TestMethodWorker.invokeTestMethods(TestMethodWorker.java:146)
at org.testng.internal.TestMethodWorker.run(TestMethodWorker.java:128)
at java.base/java.util.concurrent.ThreadPoolExecutor.runWorker(ThreadPoolExecutor.java:1136)
at java.base/java.util.concurrent.ThreadPoolExecutor$Worker.run(ThreadPoolExecutor.java:635)
at java.base/java.lang.Thread.run(Thread.java:840)
]]>
            </full-stacktrace>
          </exception> <!-- java.lang.AssertionError -->
          <reporter-output>
          </reporter-output>
        </test-method> <!-- inValidLoginTest -->
        <test-method is-config="true" signature="tearDown()[pri:0, instance:com.orangehrm.test.Login@4ebff610]" started-at="2026-02-16T13:08:34 IST" name="tearDown" finished-at="2026-02-16T13:08:35 IST" duration-ms="343" status="PASS">
          <reporter-output>
          </reporter-output>
        </test-method> <!-- tearDown -->
        <test-method is-config="true" signature="setup()[pri:0, instance:com.orangehrm.test.Login@4ebff610]" started-at="2026-02-16T13:08:35 IST" name="setup" finished-at="2026-02-16T13:08:47 IST" duration-ms="12308" status="PASS">
          <reporter-output>
          </reporter-output>
        </test-method> <!-- setup -->
        <test-method is-config="true" signature="setupPages()[pri:0, instance:com.orangehrm.test.Login@4ebff610]" started-at="2026-02-16T13:08:47 IST" name="setupPages" finished-at="2026-02-16T13:08:47 IST" duration-ms="1" status="PASS">
          <reporter-output>
          </reporter-output>
        </test-method> <!-- setupPages -->
        <test-method retried="true" signature="inValidLoginTest(java.lang.String,java.lang.String)[pri:0, instance:com.orangehrm.test.Login@4ebff610]" started-at="2026-02-16T13:08:47 IST" name="inValidLoginTest" data-provider="inValidLoginData" finished-at="2026-02-16T13:09:00 IST" duration-ms="12915" status="SKIP">
          <params>
            <param index="0">
              <value>
                <![CDATA[Admin]]>
              </value>
            </param>
            <param index="1">
              <value>
                <![CDATA[admin@123]]>
              </value>
            </param>
          </params>
          <exception class="java.lang.AssertionError">
            <message>
              <![CDATA[Test Failed: Invalid error message expected [true] but found [false]]]>
            </message>
            <full-stacktrace>
              <![CDATA[java.lang.AssertionError: Test Failed: Invalid error message expected [true] but found [false]
at org.testng.Assert.fail(Assert.java:99)
at org.testng.Assert.failNotEquals(Assert.java:1037)
at org.testng.Assert.assertTrue(Assert.java:45)
at com.orangehrm.test.Login.inValidLoginTest(Login.java:68)
at java.base/jdk.internal.reflect.NativeMethodAccessorImpl.invoke0(Native Method)
at java.base/jdk.internal.reflect.NativeMethodAccessorImpl.invoke(NativeMethodAccessorImpl.java:77)
at java.base/jdk.internal.reflect.DelegatingMethodAccessorImpl.invoke(DelegatingMethodAccessorImpl.java:43)
at java.base/java.lang.reflect.Method.invoke(Method.java:568)
at org.testng.internal.MethodInvocationHelper.invokeMethod(MethodInvocationHelper.java:133)
at org.testng.internal.TestInvoker.invokeMethod(TestInvoker.java:598)
at org.testng.internal.TestInvoker.retryFailed(TestInvoker.java:213)
at org.testng.internal.MethodRunner.runInSequence(MethodRunner.java:58)
at org.testng.internal.TestInvoker$MethodInvocationAgent.invoke(TestInvoker.java:824)
at org.testng.internal.TestInvoker.invokeTestMethods(TestInvoker.java:146)
at org.testng.internal.TestMethodWorker.invokeTestMethods(TestMethodWorker.java:146)
at org.testng.internal.TestMethodWorker.run(TestMethodWorker.java:128)
at java.base/java.util.concurrent.ThreadPoolExecutor.runWorker(ThreadPoolExecutor.java:1136)
at java.base/java.util.concurrent.ThreadPoolExecutor$Worker.run(ThreadPoolExecutor.java:635)
at java.base/java.lang.Thread.run(Thread.java:840)
]]>
            </full-stacktrace>
          </exception> <!-- java.lang.AssertionError -->
          <reporter-output>
          </reporter-output>
        </test-method> <!-- inValidLoginTest -->
        <test-method is-config="true" signature="tearDown()[pri:0, instance:com.orangehrm.test.Login@4ebff610]" started-at="2026-02-16T13:09:00 IST" name="tearDown" finished-at="2026-02-16T13:09:00 IST" duration-ms="580" status="PASS">
          <reporter-output>
          </reporter-output>
        </test-method> <!-- tearDown -->
        <test-method is-config="true" signature="setup()[pri:0, instance:com.orangehrm.test.Login@4ebff610]" started-at="2026-02-16T13:09:01 IST" name="setup" finished-at="2026-02-16T13:09:13 IST" duration-ms="12280" status="PASS">
          <reporter-output>
          </reporter-output>
        </test-method> <!-- setup -->
        <test-method is-config="true" signature="setupPages()[pri:0, instance:com.orangehrm.test.Login@4ebff610]" started-at="2026-02-16T13:09:13 IST" name="setupPages" finished-at="2026-02-16T13:09:13 IST" duration-ms="1" status="PASS">
          <reporter-output>
          </reporter-output>
        </test-method> <!-- setupPages -->
        <test-method signature="inValidLoginTest(java.lang.String,java.lang.String)[pri:0, instance:com.orangehrm.test.Login@4ebff610]" started-at="2026-02-16T13:09:13 IST" name="inValidLoginTest" data-provider="inValidLoginData" finished-at="2026-02-16T13:09:24 IST" duration-ms="11034" status="FAIL">
          <params>
            <param index="0">
              <value>
                <![CDATA[Admin]]>
              </value>
            </param>
            <param index="1">
              <value>
                <![CDATA[admin@123]]>
              </value>
            </param>
          </params>
          <exception class="java.lang.AssertionError">
            <message>
              <![CDATA[Test Failed: Invalid error message expected [true] but found [false]]]>
            </message>
            <full-stacktrace>
              <![CDATA[java.lang.AssertionError: Test Failed: Invalid error message expected [true] but found [false]
at org.testng.Assert.fail(Assert.java:99)
at org.testng.Assert.failNotEquals(Assert.java:1037)
at org.testng.Assert.assertTrue(Assert.java:45)
at com.orangehrm.test.Login.inValidLoginTest(Login.java:68)
at java.base/jdk.internal.reflect.NativeMethodAccessorImpl.invoke0(Native Method)
at java.base/jdk.internal.reflect.NativeMethodAccessorImpl.invoke(NativeMethodAccessorImpl.java:77)
at java.base/jdk.internal.reflect.DelegatingMethodAccessorImpl.invoke(DelegatingMethodAccessorImpl.java:43)
at java.base/java.lang.reflect.Method.invoke(Method.java:568)
at org.testng.internal.MethodInvocationHelper.invokeMethod(MethodInvocationHelper.java:133)
at org.testng.internal.TestInvoker.invokeMethod(TestInvoker.java:598)
at org.testng.internal.TestInvoker.retryFailed(TestInvoker.java:213)
at org.testng.internal.MethodRunner.runInSequence(MethodRunner.java:58)
at org.testng.internal.TestInvoker$MethodInvocationAgent.invoke(TestInvoker.java:824)
at org.testng.internal.TestInvoker.invokeTestMethods(TestInvoker.java:146)
at org.testng.internal.TestMethodWorker.invokeTestMethods(TestMethodWorker.java:146)
at org.testng.internal.TestMethodWorker.run(TestMethodWorker.java:128)
at java.base/java.util.concurrent.ThreadPoolExecutor.runWorker(ThreadPoolExecutor.java:1136)
at java.base/java.util.concurrent.ThreadPoolExecutor$Worker.run(ThreadPoolExecutor.java:635)
at java.base/java.lang.Thread.run(Thread.java:840)
]]>
            </full-stacktrace>
          </exception> <!-- java.lang.AssertionError -->
          <reporter-output>
          </reporter-output>
        </test-method> <!-- inValidLoginTest -->
        <test-method is-config="true" signature="tearDown()[pri:0, instance:com.orangehrm.test.Login@4ebff610]" started-at="2026-02-16T13:09:24 IST" name="tearDown" finished-at="2026-02-16T13:09:24 IST" duration-ms="323" status="PASS">
          <reporter-output>
          </reporter-output>
        </test-method> <!-- tearDown -->
        <test-method is-config="true" signature="setup()[pri:0, instance:com.orangehrm.test.Login@4ebff610]" started-at="2026-02-16T13:09:24 IST" name="setup" finished-at="2026-02-16T13:09:34 IST" duration-ms="10026" status="PASS">
          <reporter-output>
          </reporter-output>
        </test-method> <!-- setup -->
        <test-method is-config="true" signature="setupPages()[pri:0, instance:com.orangehrm.test.Login@4ebff610]" started-at="2026-02-16T13:09:34 IST" name="setupPages" finished-at="2026-02-16T13:09:34 IST" duration-ms="0" status="PASS">
          <reporter-output>
          </reporter-output>
        </test-method> <!-- setupPages -->
        <test-method signature="verifyValidLoginTest(java.lang.String,java.lang.String)[pri:0, instance:com.orangehrm.test.Login@4ebff610]" started-at="2026-02-16T13:09:34 IST" name="verifyValidLoginTest" data-provider="validLoginData" finished-at="2026-02-16T13:10:01 IST" duration-ms="26664" status="PASS">
          <params>
            <param index="0">
              <value>
                <![CDATA[Admin]]>
              </value>
            </param>
            <param index="1">
              <value>
                <![CDATA[admin123]]>
              </value>
            </param>
          </params>
          <reporter-output>
          </reporter-output>
        </test-method> <!-- verifyValidLoginTest -->
        <test-method is-config="true" signature="tearDown()[pri:0, instance:com.orangehrm.test.Login@4ebff610]" started-at="2026-02-16T13:10:01 IST" name="tearDown" finished-at="2026-02-16T13:10:02 IST" duration-ms="429" status="PASS">
          <reporter-output>
          </reporter-output>
        </test-method> <!-- tearDown -->
        <test-method is-config="true" signature="close()[pri:0, instance:com.orangehrm.test.Login@4ebff610]" started-at="2026-02-16T13:10:02 IST" name="close" finished-at="2026-02-16T13:10:02 IST" duration-ms="0" status="PASS">
          <reporter-output>
          </reporter-output>
        </test-method> <!-- close -->
      </class> <!-- com.orangehrm.test.Login -->
      <class name="com.orangehrm.test.ApiTest">
        <test-method signature="verifyGetUserAPI()[pri:0, instance:com.orangehrm.test.ApiTest@432038ec]" started-at="2026-02-16T13:07:59 IST" name="verifyGetUserAPI" finished-at="2026-02-16T13:08:01 IST" duration-ms="2479" status="PASS">
          <reporter-output>
          </reporter-output>
        </test-method> <!-- verifyGetUserAPI -->
      </class> <!-- com.orangehrm.test.ApiTest -->
    </test> <!-- orangehrm -->
  </suite> <!-- Suite -->
</testng-results>
