<?xml version="1.0" encoding="UTF-8"?>
<!-- Generated by org.testng.reporters.JUnitReportReporter -->
<testsuite hostname="YCSLAP0239" failures="1" tests="5" name="com.orangehrm.test.Login" time="121.533" errors="0" timestamp="2026-02-16T13:10:02 IST" skipped="2">
  <testcase classname="com.orangehrm.test.Login" name="inValidLoginTest" time="18.164">
    <skipped/>
  </testcase> <!-- inValidLoginTest -->
  <system-out/>
  <testcase classname="com.orangehrm.test.Login" name="getTitle" time="16.255"/>
  <system-out/>
  <testcase classname="com.orangehrm.test.Login" name="inValidLoginTest" time="23.077">
    <failure message="Test Failed: Invalid error message expected [true] but found [false]" type="java.lang.AssertionError">
      <![CDATA[java.lang.AssertionError: Test Failed: Invalid error message expected [true] but found [false]
at org.testng.Assert.fail(Assert.java:99)
at org.testng.Assert.failNotEquals(Assert.java:1037)
at org.testng.Assert.assertTrue(Assert.java:45)
at com.orangehrm.test.Login.inValidLoginTest(Login.java:68)
at java.base/jdk.internal.reflect.NativeMethodAccessorImpl.invoke0(Native Method)
at java.base/jdk.internal.reflect.NativeMethodAccessorImpl.invoke(NativeMethodAccessorImpl.java:77)
at java.base/jdk.internal.reflect.DelegatingMethodAccessorImpl.invoke(DelegatingMethodAccessorImpl.java:43)
at java.base/java.lang.reflect.Method.invoke(Method.java:568)
at org.testng.internal.MethodInvocationHelper.invokeMethod(MethodInvocationHelper.java:133)
at org.testng.internal.TestInvoker.invokeMethod(TestInvoker.java:598)
at org.testng.internal.TestInvoker.retryFailed(TestInvoker.java:213)
at org.testng.internal.MethodRunner.runInSequence(MethodRunner.java:58)
at org.testng.internal.TestInvoker$MethodInvocationAgent.invoke(TestInvoker.java:824)
at org.testng.internal.TestInvoker.invokeTestMethods(TestInvoker.java:146)
at org.testng.internal.TestMethodWorker.invokeTestMethods(TestMethodWorker.java:146)
at org.testng.internal.TestMethodWorker.run(TestMethodWorker.java:128)
at java.base/java.util.concurrent.ThreadPoolExecutor.runWorker(ThreadPoolExecutor.java:1136)
at java.base/java.util.concurrent.ThreadPoolExecutor$Worker.run(ThreadPoolExecutor.java:635)
at java.base/java.lang.Thread.run(Thread.java:840)
]]>
    </failure>
  </testcase> <!-- inValidLoginTest -->
  <system-out/>
  <testcase classname="com.orangehrm.test.Login" name="verifyValidLoginTest" time="39.268"/>
  <system-out/>
  <testcase classname="com.orangehrm.test.Login" name="inValidLoginTest" time="24.769">
    <skipped/>
  </testcase> <!-- inValidLoginTest -->
  <system-out/>
</testsuite> <!-- com.orangehrm.test.Login -->
